<?xml version="1.0" encoding="UTF-8"?>
<testsuite name="com.wordz.domain.WordTest" tests="4" skipped="0" failures="0" errors="0" timestamp="2023-05-12T20:16:19" hostname="Lenovo" time="0.126">
  <properties/>
  <testcase name="oneCorrectLetter()" classname="com.wordz.domain.WordTest" time="0.113"/>
  <testcase name="allScoreCombinations()" classname="com.wordz.domain.WordTest" time="0.002"/>
  <testcase name="secondLetterWrongPosition()" classname="com.wordz.domain.WordTest" time="0.001"/>
  <testcase name="oneIncorrectLetter()" classname="com.wordz.domain.WordTest" time="0.003"/>
  <system-out><![CDATA[]]></system-out>
  <system-err><![CDATA[]]></system-err>
</testsuite>
